<?xml version="1.0" encoding="UTF-8"?>
<!-- Generated by org.testng.reporters.JUnitReportReporter -->
<testsuite hostname="VrundaV" failures="0" tests="4" name="TestScript.LeadCreationTest" time="218.856" errors="0" timestamp="2022-04-06T17:41:45 IST" skipped="1">
  <testcase classname="TestScript.LeadCreationTest" name="Userlogin" time="9.248"/>
  <system-out/>
  <testcase classname="TestScript.LeadCreationTest" name="CustomerAccptance" time="76.954"/>
  <system-out/>
  <testcase classname="TestScript.LeadCreationTest" name="FileClosedInCRM" time="132.654"/>
  <system-out/>
  <testcase classname="TestScript.LeadCreationTest" name="LeadCreation">
    <skipped/>
  </testcase> <!-- LeadCreation -->
  <system-out/>
</testsuite> <!-- TestScript.LeadCreationTest -->
