<?xml version="1.0" encoding="UTF-8"?>
<!-- Generated by org.testng.reporters.JUnitReportReporter -->
<testsuite hostname="VrundaV" failures="0" tests="3" name="script.TestCase1" time="119.342" errors="0" timestamp="2022-03-21T16:07:44 IST" skipped="0">
  <testcase classname="script.TestCase1" name="Userlogin" time="36.067"/>
  <system-out/>
  <testcase classname="script.TestCase1" name="LeadCreation" time="79.218"/>
  <system-out/>
  <testcase classname="script.TestCase1" name="CustomerAccptance" time="4.057"/>
  <system-out/>
</testsuite> <!-- script.TestCase1 -->
